{"event":"page_click","page_name":"HomePage","count":"1","level":"info","message":"","timestamp":"2018-04-27T06:45:36.629Z"}
{"event":"page_click","page_name":"TopTenHallsPage","count":"1","level":"info","message":"","timestamp":"2018-04-27T06:45:47.351Z"}
{"event":"page_click","page_name":"HomePage","count":"1","level":"info","message":"","timestamp":"2018-04-28T02:00:52.502Z"}
{"event":"page_click","page_name":"TopTenHallsPage","count":"1","level":"info","message":"","timestamp":"2018-04-28T02:02:13.293Z"}
{"event":"page_click","page_name":"TopTenHallsPage","count":"1","level":"info","message":"","timestamp":"2018-04-28T02:02:13.484Z"}
{"event":"page_click","page_name":"TopTenHallsPage","count":"1","level":"info","message":"","timestamp":"2018-04-28T02:02:13.488Z"}
{"event":"page_click","page_name":"TopTenHallsPage","count":"1","level":"info","message":"","timestamp":"2018-04-28T02:02:13.494Z"}
{"event":"page_click","page_name":"HomePage","count":"1","level":"info","message":"","timestamp":"2018-04-28T02:02:36.357Z"}
{"event":"page_click","page_name":"TopTenHallsPage","count":"1","level":"info","message":"","timestamp":"2018-04-28T02:03:28.456Z"}
{"event":"page_click","page_name":"TopTenHallsPage","count":"1","level":"info","message":"","timestamp":"2018-04-28T02:03:28.586Z"}
{"event":"page_click","page_name":"TopTenHallsPage","count":"1","level":"info","message":"","timestamp":"2018-04-28T02:03:28.590Z"}
{"event":"page_click","page_name":"TopTenHallsPage","count":"1","level":"info","message":"","timestamp":"2018-04-28T02:03:28.594Z"}
{"event":"page_click","page_name":"HomePage","count":"1","level":"info","message":"","timestamp":"2018-04-28T02:04:07.619Z"}
{"event":"page_click","page_name":"TopTenHallsPage","count":"1","level":"info","message":"","timestamp":"2018-04-28T02:04:25.825Z"}
{"event":"page_click","page_name":"TopTenHallsPage","count":"1","level":"info","message":"","timestamp":"2018-04-28T02:04:25.957Z"}
{"event":"page_click","page_name":"TopTenHallsPage","count":"1","level":"info","message":"","timestamp":"2018-04-28T02:04:25.964Z"}
{"event":"page_click","page_name":"TopTenHallsPage","count":"1","level":"info","message":"","timestamp":"2018-04-28T02:04:25.973Z"}
{"event":"page_click","page_name":"TopTenHallsPage","count":"1","level":"info","message":"","timestamp":"2018-04-28T02:05:22.903Z"}
{"event":"page_click","page_name":"TopTenHallsPage","count":"1","level":"info","message":"","timestamp":"2018-04-28T02:05:23.031Z"}
{"event":"page_click","page_name":"TopTenHallsPage","count":"1","level":"info","message":"","timestamp":"2018-04-28T02:05:23.045Z"}
{"event":"page_click","page_name":"TopTenHallsPage","count":"1","level":"info","message":"","timestamp":"2018-04-28T02:05:23.048Z"}
{"event":"page_click","page_name":"TopTenHallsPage","count":"1","level":"info","message":"","timestamp":"2018-04-28T02:05:48.858Z"}
{"event":"page_click","page_name":"TopTenHallsPage","count":"1","level":"info","message":"","timestamp":"2018-04-28T02:05:49.024Z"}
{"event":"page_click","page_name":"TopTenHallsPage","count":"1","level":"info","message":"","timestamp":"2018-04-28T02:05:49.027Z"}
{"event":"page_click","page_name":"TopTenHallsPage","count":"1","level":"info","message":"","timestamp":"2018-04-28T02:06:40.798Z"}
{"event":"page_click","page_name":"TopTenHallsPage","count":"1","level":"info","message":"","timestamp":"2018-04-28T02:06:40.963Z"}
{"event":"page_click","page_name":"TopTenHallsPage","count":"1","level":"info","message":"","timestamp":"2018-04-28T02:06:40.967Z"}
{"event":"page_click","page_name":"TopTenHallsPage","count":"1","level":"info","message":"","timestamp":"2018-04-28T02:07:41.335Z"}
{"event":"page_click","page_name":"TopTenHallsPage","count":"1","level":"info","message":"","timestamp":"2018-04-28T02:07:41.499Z"}
{"event":"page_click","page_name":"TopTenHallsPage","count":"1","level":"info","message":"","timestamp":"2018-04-28T02:07:41.514Z"}
{"event":"page_click","page_name":"TopTenHallsPage","count":"1","level":"info","message":"","timestamp":"2018-04-28T02:11:31.635Z"}
{"event":"page_click","page_name":"TopTenHallsPage","count":"1","level":"info","message":"","timestamp":"2018-04-28T02:11:34.333Z"}
{"event":"page_click","page_name":"TopTenHallsPage","count":"1","level":"info","message":"","timestamp":"2018-04-28T02:11:34.338Z"}
{"event":"page_click","page_name":"TopTenHallsPage","count":"1","level":"info","message":"","timestamp":"2018-04-28T02:11:39.112Z"}
{"event":"page_click","page_name":"TopTenHallsPage","count":"1","level":"info","message":"","timestamp":"2018-04-28T02:11:39.117Z"}
{"event":"page_click","page_name":"TopTenHallsPage","count":"1","level":"info","message":"","timestamp":"2018-04-28T02:11:39.123Z"}
{"event":"page_click","page_name":"TopTenHallsPage","count":"1","level":"info","message":"","timestamp":"2018-04-28T02:11:54.657Z"}
{"event":"page_click","page_name":"TopTenHallsPage","count":"1","level":"info","message":"","timestamp":"2018-04-28T02:11:54.663Z"}
{"event":"page_click","page_name":"TopTenHallsPage","count":"1","level":"info","message":"","timestamp":"2018-04-28T02:11:54.667Z"}
{"event":"page_click","page_name":"TopTenHallsPage","count":"1","level":"info","message":"","timestamp":"2018-04-28T02:11:54.669Z"}
{"event":"page_click","page_name":"TopTenHallsPage","count":"1","level":"info","message":"","timestamp":"2018-04-28T02:12:00.849Z"}
{"event":"page_click","page_name":"TopTenHallsPage","count":"1","level":"info","message":"","timestamp":"2018-04-28T02:12:00.858Z"}
{"event":"page_click","page_name":"TopTenHallsPage","count":"1","level":"info","message":"","timestamp":"2018-04-28T02:12:00.863Z"}
{"event":"page_click","page_name":"TopTenHallsPage","count":"1","level":"info","message":"","timestamp":"2018-04-28T02:12:00.866Z"}
{"event":"page_click","page_name":"TopTenHallsPage","count":"1","level":"info","message":"","timestamp":"2018-04-28T02:12:00.868Z"}
{"event":"page_click","page_name":"TopTenHallsPage","count":"1","level":"info","message":"","timestamp":"2018-04-28T02:12:20.378Z"}
{"event":"page_click","page_name":"TopTenHallsPage","count":"1","level":"info","message":"","timestamp":"2018-04-28T02:12:20.381Z"}
{"event":"page_click","page_name":"TopTenHallsPage","count":"1","level":"info","message":"","timestamp":"2018-04-28T02:12:20.387Z"}
{"event":"page_click","page_name":"TopTenHallsPage","count":"1","level":"info","message":"","timestamp":"2018-04-28T02:12:20.389Z"}
{"event":"page_click","page_name":"TopTenHallsPage","count":"1","level":"info","message":"","timestamp":"2018-04-28T02:12:20.391Z"}
{"event":"page_click","page_name":"TopTenHallsPage","count":"1","level":"info","message":"","timestamp":"2018-04-28T02:12:20.394Z"}
{"event":"page_click","page_name":"TopTenHallsPage","count":"1","level":"info","message":"","timestamp":"2018-04-28T02:12:23.671Z"}
{"event":"page_click","page_name":"TopTenHallsPage","count":"1","level":"info","message":"","timestamp":"2018-04-28T02:12:23.676Z"}
{"event":"page_click","page_name":"TopTenHallsPage","count":"1","level":"info","message":"","timestamp":"2018-04-28T02:12:23.681Z"}
{"event":"page_click","page_name":"TopTenHallsPage","count":"1","level":"info","message":"","timestamp":"2018-04-28T02:12:23.685Z"}
{"event":"page_click","page_name":"TopTenHallsPage","count":"1","level":"info","message":"","timestamp":"2018-04-28T02:12:23.687Z"}
{"event":"page_click","page_name":"TopTenHallsPage","count":"1","level":"info","message":"","timestamp":"2018-04-28T02:12:23.690Z"}
{"event":"page_click","page_name":"TopTenHallsPage","count":"1","level":"info","message":"","timestamp":"2018-04-28T02:12:23.693Z"}
{"event":"page_click","page_name":"TopTenHallsPage","count":"1","level":"info","message":"","timestamp":"2018-04-28T02:20:06.104Z"}
{"event":"page_click","page_name":"TopTenHallsPage","count":"1","level":"info","message":"","timestamp":"2018-04-28T02:20:09.106Z"}
{"event":"page_click","page_name":"TopTenHallsPage","count":"1","level":"info","message":"","timestamp":"2018-04-28T02:20:09.218Z"}
{"event":"page_click","page_name":"TopTenHallsPage","count":"1","level":"info","message":"","timestamp":"2018-04-28T02:22:02.039Z"}
{"event":"page_click","page_name":"TopTenHallsPage","count":"1","level":"info","message":"","timestamp":"2018-04-28T02:22:12.940Z"}
{"event":"page_click","page_name":"TopTenHallsPage","count":"1","level":"info","message":"","timestamp":"2018-04-28T02:22:21.945Z"}
{"event":"page_click","page_name":"TopTenHallsPage","count":"1","level":"info","message":"","timestamp":"2018-04-28T02:22:24.977Z"}
{"event":"page_click","page_name":"TopTenHallsPage","count":"1","level":"info","message":"","timestamp":"2018-04-28T02:22:31.978Z"}
{"event":"page_click","page_name":"TopTenHallsPage","count":"1","level":"info","message":"","timestamp":"2018-04-28T02:22:36.990Z"}
{"event":"page_click","page_name":"TopTenHallsPage","count":"1","level":"info","message":"","timestamp":"2018-04-28T02:22:40.002Z"}
{"event":"page_click","page_name":"TopTenHallsPage","count":"1","level":"info","message":"","timestamp":"2018-04-28T02:22:42.988Z"}
{"event":"page_click","page_name":"TopTenHallsPage","count":"1","level":"info","message":"","timestamp":"2018-04-28T02:22:45.008Z"}
{"event":"page_click","page_name":"TopTenHallsPage","count":"1","level":"info","message":"","timestamp":"2018-04-28T02:22:48.008Z"}
{"event":"page_click","page_name":"TopTenHallsPage","count":"1","level":"info","message":"","timestamp":"2018-04-28T02:22:51.017Z"}
{"event":"page_click","page_name":"TopTenHallsPage","count":"1","level":"info","message":"","timestamp":"2018-04-28T02:22:57.035Z"}
{"event":"page_click","page_name":"TopTenHallsPage","count":"1","level":"info","message":"","timestamp":"2018-04-28T02:23:31.134Z"}
{"event":"page_click","page_name":"TopTenHallsPage","count":"1","level":"info","message":"","timestamp":"2018-04-28T02:23:35.142Z"}
{"event":"page_click","page_name":"TopTenHallsPage","count":"1","level":"info","message":"","timestamp":"2018-04-28T02:23:37.157Z"}
{"event":"page_click","page_name":"TopTenHallsPage","count":"1","level":"info","message":"","timestamp":"2018-04-28T02:23:40.148Z"}
{"event":"page_click","page_name":"TopTenHallsPage","count":"1","level":"info","message":"","timestamp":"2018-04-28T02:23:42.149Z"}
{"event":"page_click","page_name":"TopTenHallsPage","count":"1","level":"info","message":"","timestamp":"2018-04-28T02:23:46.161Z"}
{"event":"page_click","page_name":"TopTenHallsPage","count":"1","level":"info","message":"","timestamp":"2018-04-28T02:23:48.156Z"}
{"event":"page_click","page_name":"TopTenHallsPage","count":"1","level":"info","message":"","timestamp":"2018-04-28T02:23:50.155Z"}
{"event":"page_click","page_name":"TopTenHallsPage","count":"1","level":"info","message":"","timestamp":"2018-04-28T02:23:53.168Z"}
{"event":"page_click","page_name":"TopTenHallsPage","count":"1","level":"info","message":"","timestamp":"2018-04-28T02:24:00.175Z"}
{"event":"page_click","page_name":"TopTenHallsPage","count":"1","level":"info","message":"","timestamp":"2018-04-28T02:26:20.931Z"}
{"event":"page_click","page_name":"TopTenHallsPage","count":"1","level":"info","message":"","timestamp":"2018-04-28T02:38:44.710Z"}
{"event":"page_click","page_name":"TopTenHallsPage","count":"1","level":"info","message":"","timestamp":"2018-04-28T02:38:50.730Z"}
{"event":"page_click","page_name":"TopTenHallsPage","count":"1","level":"info","message":"","timestamp":"2018-04-28T02:39:08.732Z"}
{"event":"page_click","page_name":"TopTenHallsPage","count":"1","level":"info","message":"","timestamp":"2018-04-28T02:39:35.761Z"}
{"event":"page_click","page_name":"TopTenHallsPage","count":"1","level":"info","message":"","timestamp":"2018-04-28T02:39:40.792Z"}
{"event":"page_click","page_name":"TopTenHallsPage","count":"1","level":"info","message":"","timestamp":"2018-04-28T03:06:38.307Z"}
{"event":"page_click","page_name":"TopTenHallsPage","count":"1","level":"info","message":"","timestamp":"2018-04-28T03:06:38.311Z"}
{"event":"page_click","page_name":"TopTenHallsPage","count":"1","level":"info","message":"","timestamp":"2018-04-28T03:07:24.153Z"}
{"event":"page_click","page_name":"TopTenHallsPage","count":"1","level":"info","message":"","timestamp":"2018-04-28T03:07:24.165Z"}
{"event":"page_click","page_name":"ClicksPerPage","count":"1","level":"info","message":"","timestamp":"2018-04-28T03:07:52.213Z"}
{"event":"page_click","page_name":"TopTenHallsPage","count":"1","level":"info","message":"","timestamp":"2018-04-28T05:50:58.520Z"}
{"event":"page_click","page_name":"TopTenHallsPage","count":"1","level":"info","message":"","timestamp":"2018-04-28T05:51:25.078Z"}
{"event":"page_click","page_name":"TopTenHallsPage","count":"1","level":"info","message":"","timestamp":"2018-04-28T05:51:31.123Z"}
{"event":"page_click","page_name":"TopTenHallsPage","count":"1","level":"info","message":"","timestamp":"2018-04-28T05:51:34.097Z"}
{"event":"page_click","page_name":"TopTenHallsPage","count":"1","level":"info","message":"","timestamp":"2018-04-28T05:52:18.354Z"}
{"event":"page_click","page_name":"TopTenHallsPage","count":"1","level":"info","message":"","timestamp":"2018-04-28T05:52:20.367Z"}
{"event":"page_click","page_name":"TopTenHallsPage","count":"1","level":"info","message":"","timestamp":"2018-04-28T05:52:55.817Z"}
{"event":"page_click","page_name":"TopTenHallsPage","count":"1","level":"info","message":"","timestamp":"2018-04-28T05:52:56.868Z"}
{"event":"page_click","page_name":"TopTenHallsPage","count":"1","level":"info","message":"","timestamp":"2018-04-28T05:54:09.841Z"}
{"event":"page_click","page_name":"ClicksPerPage","count":"1","level":"info","message":"","timestamp":"2018-04-28T06:05:51.812Z"}
{"event":"page_click","page_name":"TopTenHallsPage","count":"1","level":"info","message":"","timestamp":"2018-04-28T06:06:18.986Z"}
{"event":"page_click","page_name":"TopTenHallsPage","count":"1","level":"info","message":"","timestamp":"2018-04-28T06:06:19.609Z"}
{"event":"page_click","page_name":"TopTenHallsPage","count":"1","level":"info","message":"","timestamp":"2018-04-28T06:09:55.717Z"}
{"event":"page_click","page_name":"TopTenHallsPage","count":"1","level":"info","message":"","timestamp":"2018-04-28T18:57:32.333Z"}
{"event":"page_click","page_name":"TopTenHallsPage","count":"1","level":"info","message":"","timestamp":"2018-04-28T18:57:34.139Z"}
{"event":"page_click","page_name":"TopTenHallsPage","count":"1","level":"info","message":"","timestamp":"2018-04-28T18:57:35.354Z"}
{"event":"page_click","page_name":"TopTenHallsPage","count":"1","level":"info","message":"","timestamp":"2018-04-28T20:21:09.401Z"}
{"event":"page_click","page_name":"TopTenHallsPage","count":"1","level":"info","message":"","timestamp":"2018-04-28T20:21:10.124Z"}
{"event":"page_click","page_name":"TopTenHallsPage","count":"1","level":"info","message":"","timestamp":"2018-04-28T20:22:26.718Z"}
{"event":"page_click","page_name":"TopTenHallsPage","count":"1","level":"info","message":"","timestamp":"2018-04-28T20:22:27.172Z"}
{"event":"page_click","page_name":"TopTenHallsPage","count":"1","level":"info","message":"","timestamp":"2018-04-28T20:23:06.214Z"}
{"event":"page_click","page_name":"TopTenHallsPage","count":"1","level":"info","message":"","timestamp":"2018-04-28T20:23:06.612Z"}
{"event":"movie_click","movie_id":"30","movie_name":"BatMan VS Superman","count":"1","level":"info","message":"","timestamp":"2018-04-28T20:48:38.072Z"}
{"event":"movie_click","movie_id":"27","movie_name":"Dark Knight","count":"1","level":"info","message":"","timestamp":"2018-04-28T20:52:45.276Z"}
{"event":"movie_click","movie_id":"28","movie_name":"Batman Begins","count":"1","level":"info","message":"","timestamp":"2018-04-28T20:53:02.373Z"}
{"event":"movie_click","movie_id":"29","movie_name":"La La Land","count":"1","level":"info","message":"","timestamp":"2018-04-28T20:53:07.820Z"}
{"event":"movie_click","movie_id":"30","movie_name":"BatMan VS Superman","count":"1","level":"info","message":"","timestamp":"2018-04-28T20:53:12.860Z"}
{"event":"movie_click","movie_id":"31","movie_name":"Rampage","count":"1","level":"info","message":"","timestamp":"2018-04-28T20:53:19.741Z"}
{"event":"movie_click","movie_id":"32","movie_name":"Pacific Rim Uprising","count":"1","level":"info","message":"","timestamp":"2018-04-28T20:53:25.334Z"}
{"event":"movie_click","movie_id":"27","movie_name":"Dark Knight","count":"1","level":"info","message":"","timestamp":"2018-04-28T20:53:31.253Z"}
{"event":"movie_click","movie_id":"28","movie_name":"Batman Begins","count":"1","level":"info","message":"","timestamp":"2018-04-28T20:53:35.782Z"}
{"event":"movie_click","movie_id":"27","movie_name":"Dark Knight","count":"1","level":"info","message":"","timestamp":"2018-04-28T21:40:41.061Z"}
{"event":"movie_click","movie_id":"27","movie_name":"Dark Knight","count":"1","level":"info","message":"","timestamp":"2018-04-28T21:41:25.604Z"}
{"event":"movie_click","movie_id":"27","movie_name":"Dark Knight","count":"1","level":"info","message":"","timestamp":"2018-04-28T21:42:22.330Z"}
{"event":"movie_click","movie_id":"1","movie_name":"AVENGERS : INFINITY WAR MARATHON","count":"1","level":"info","message":"","timestamp":"2018-04-29T08:23:29.607Z"}
{"event":"movie_click","movie_id":"1","movie_name":"AVENGERS : INFINITY WAR MARATHON","count":"1","level":"info","message":"","timestamp":"2018-04-29T08:25:55.687Z"}
{"event":"movie_click","movie_id":"1","movie_name":"AVENGERS : INFINITY WAR MARATHON","count":"1","level":"info","message":"","timestamp":"2018-04-29T08:27:33.819Z"}
{"event":"movie_click","movie_id":"1","movie_name":"AVENGERS : INFINITY WAR MARATHON","count":"1","level":"info","message":"","timestamp":"2018-04-29T08:32:13.219Z"}
{"event":"movie_click","movie_id":"1","movie_name":"AVENGERS : INFINITY WAR MARATHON","count":"1","level":"info","message":"","timestamp":"2018-04-29T08:33:22.786Z"}
{"event":"movie_click","movie_id":"1","movie_name":"AVENGERS : INFINITY WAR MARATHON","count":"1","level":"info","message":"","timestamp":"2018-04-29T08:34:48.830Z"}
{"event":"movie_click","movie_id":"1","movie_name":"AVENGERS : INFINITY WAR MARATHON","count":"1","level":"info","message":"","timestamp":"2018-04-29T08:37:02.565Z"}
